This is pdfTeX, Version 3.1415926-2.4-1.40.13 (TeX Live 2012) (format=pdflatex 2012.6.30)  4 NOV 2015 09:05
entering extended mode
 restricted \write18 enabled.
 file:line:error style messages enabled.
 %&-line parsing enabled.
**DishBeamMeasurementsPaper.tex
(./DishBeamMeasurementsPaper.tex
LaTeX2e <2011/06/27>
Babel <v3.8m> and hyphenation patterns for english, dumylang, nohyphenation, german-x-2012-05-30, ngerman-x-2012-05-30, afrikaans, ancientgreek, ibycus, arabic, armenian, basque, bulgarian, catalan, pinyin, coptic, croatian, czech, danish, dutch, ukenglish, usenglishmax, esperanto, estonian, ethiopic, farsi, finnish, french, friulan, galician, german, ngerman, swissgerman, monogreek, greek, hungarian, icelandic, assamese, bengali, gujarati, hindi, kannada, malayalam, marathi, oriya, panjabi, tamil, telugu, indonesian, interlingua, irish, italian, kurmanji, latin, latvian, lithuanian, mongolian, mongolianlmc, bokmal, nynorsk, polish, portuguese, romanian, romansh, russian, sanskrit, serbian, serbianc, slovak, slovenian, spanish, swedish, turkish, turkmen, ukrainian, uppersorbian, welsh, loaded.
(/usr/local/texlive/2012/texmf-dist/tex/latex/emulateapj/emulateapj.cls
Document Class: emulateapj 
\bibbaselineskip=\skip41
(/usr/local/texlive/2012/texmf-dist/tex/latex/revtex/revtex4-1.cls
Document Class: revtex4-1 2010/07/25/20:33:00 4.1r (http://publish.aps.org/revtex4/ for documentation)
 Copyright (c) 2009 The American Physical Society.
 mailto:revtex@aps.org
 Licensed under the LPPL:
http://www.ctan.org/tex-archive/macros/latex/base/lppl.txt
 Arthur Ogawa <arthur_ogawa at sbcglobal dot net>
 Based on work by David Carlisle <david at dcarlisle.demon.co.uk>.
ltxutil[2010/07/25/20:33:00 4.1r utilities package (portions licensed from W. E. Baxter web at superscript.com)]
LaTeX Info: Redefining \@centercr on input line 308.
Class revtex4-1 Info: Repairing broken LaTeX eqnarray on input line 358.
\eqncolsep=\skip42
Class revtex4-1 Info: Repairing hyperref-unfriendly LaTeX definition of \mpfootnote on input line 433.
Class revtex4-1 Info: Repairing broken LateX \@sect on input line 755.
\intertabularlinepenalty=\count79
\@tbpen=\count80
\@arstrutbox@hline=\box26
Class revtex4-1 Info: Repairing broken LaTeX \@xbitor on input line 1786.
Class revtex4-1 Info: Making \typeout \long on input line 2046.
ltxfront[2010/07/25/20:33:00 4.1r frontmatter package (AO,DPC)]
\c@affil=\count81
\c@collab=\count82
\absbox=\box27
ltxgrid[2010/07/25/20:33:00 4.1r page grid package (portions licensed from W. E. Baxter web at superscript.com)]
\c@linecount=\count83
\output@latex=\toks14
\box@size@1=\box28
\box@size@2=\box29
\@protection@box=\box30
\@topmark@saved=\toks15
\footins@saved=\box31
\footins@recovered=\box32
\column@recovered=\box33
\pagesofar=\box34
\footsofar=\box35
\pagegrid@col=\count84
Class revtex4-1 Info: Overriding \@vspace, \@vspacer, \@no@pgbk, \@newline, and \\  on input line 5578.
\c@part=\count85
\c@section=\count86
\c@subsection=\count87
\c@subsubsection=\count88
\c@paragraph=\count89
\c@subparagraph=\count90
\abovecaptionskip=\skip43
\belowcaptionskip=\skip44
\c@figure=\count91
\fbox@1=\box36
\c@table=\count92
\fbox@2=\box37
\c@video=\count93
\fbox@4=\box38
\@bibdataout=\write3
\widetext@top=\box39
\widetext@bot=\box40

Class revtex4-1 Warning: No Society specified, using default society aps.

(/usr/local/texlive/2012/texmf-dist/tex/latex/revtex/aps4-1.rtx
File: aps4-1 2010/07/25/20:33:00 4.1r (http://publish.aps.org/revtex4/ for documentation)
Class revtex4-1 Info: RevTeX society APS selected on input line 31.
)

Class revtex4-1 Warning: No journal specified, using default pra.

Class revtex4-1 Info: APS journal PRA selected on input line 7545.

Class revtex4-1 Warning: No type size specified, using default 10.

(/usr/local/texlive/2012/texmf-dist/tex/latex/revtex/aps10pt4-1.rtx
File: aps10pt4-1 2010/07/25/20:33:00 4.1r (http://publish.aps.org/revtex4/ for documentation)
Class revtex4-1 Info: RevTeX pointsize 10pt selected on input line 30.
) (/usr/local/texlive/2012/texmf-dist/tex/latex/textcase/textcase.sty
Package: textcase 2004/10/07 v0.07 Text only upper/lower case changing (DPC)
) (/usr/local/texlive/2012/texmf-dist/tex/latex/url/url.sty
\Urlmuskip=\muskip10
Package: url 2006/04/12  ver 3.3  Verb mode for urls, etc.
) (/usr/local/texlive/2012/texmf-dist/tex/latex/natbib/natbib.sty
Package: natbib 2010/09/13 8.31b (PWD, AO)
\bibhang=\skip45
\bibsep=\skip46
LaTeX Info: Redefining \cite on input line 694.
\c@NAT@ctr=\count94
)
Class revtex4-1 Info: Repairing natbib's \BibitemShut on input line 7549.
 (/usr/local/texlive/2012/texmf-dist/tex/latex/revtex/revsymb4-1.sty
Package: revsymb4-1 2010/07/25/20:33:00 4.1r (http://publish.aps.org/revtex4/ for documentation)
LaTeX Info: Redefining \REV@mathfrak on input line 119.
)) (/usr/local/texlive/2012/texmf-dist/tex/latex/base/latexsym.sty
Package: latexsym 1998/08/17 v2.2e Standard LaTeX package (lasy symbols)
\symlasy=\mathgroup4
LaTeX Font Info:    Overwriting symbol font `lasy' in version `bold'
(Font)                  U/lasy/m/n --> U/lasy/b/n on input line 47.
) (/usr/local/texlive/2012/texmf-dist/tex/latex/graphics/graphicx.sty
Package: graphicx 1999/02/16 v1.0f Enhanced LaTeX Graphics (DPC,SPQR)
 (/usr/local/texlive/2012/texmf-dist/tex/latex/graphics/keyval.sty
Package: keyval 1999/03/16 v1.13 key=value parser (DPC)
\KV@toks@=\toks16
) (/usr/local/texlive/2012/texmf-dist/tex/latex/graphics/graphics.sty
Package: graphics 2009/02/05 v1.0o Standard LaTeX Graphics (DPC,SPQR)
 (/usr/local/texlive/2012/texmf-dist/tex/latex/graphics/trig.sty
Package: trig 1999/03/16 v1.09 sin cos tan (DPC)
) (/usr/local/texlive/2012/texmf-dist/tex/latex/latexconfig/graphics.cfg
File: graphics.cfg 2010/04/23 v1.9 graphics configuration of TeX Live
)
Package graphics Info: Driver file: pdftex.def on input line 91.
 (/usr/local/texlive/2012/texmf-dist/tex/latex/pdftex-def/pdftex.def
File: pdftex.def 2011/05/27 v0.06d Graphics/color for pdfTeX
 (/usr/local/texlive/2012/texmf-dist/tex/generic/oberdiek/infwarerr.sty
Package: infwarerr 2010/04/08 v1.3 Providing info/warning/error messages (HO)
) (/usr/local/texlive/2012/texmf-dist/tex/generic/oberdiek/ltxcmds.sty
Package: ltxcmds 2011/11/09 v1.22 LaTeX kernel commands for general use (HO)
)
\Gread@gobject=\count95
))
\Gin@req@height=\dimen102
\Gin@req@width=\dimen103
) (/usr/local/texlive/2012/texmf-dist/tex/latex/amsfonts/amssymb.sty
Package: amssymb 2009/06/22 v3.00
 (/usr/local/texlive/2012/texmf-dist/tex/latex/amsfonts/amsfonts.sty
Package: amsfonts 2009/06/22 v3.00 Basic AMSFonts support
\@emptytoks=\toks17
\symAMSa=\mathgroup5
\symAMSb=\mathgroup6
LaTeX Font Info:    Overwriting math alphabet `\mathfrak' in version `bold'
(Font)                  U/euf/m/n --> U/euf/b/n on input line 96.
LaTeX Info: Redefining \frak on input line 99.
LaTeX Info: Redefining \Bbb on input line 101.
)) (/usr/local/texlive/2012/texmf-dist/tex/latex/tools/longtable.sty
Package: longtable 2004/02/01 v4.11 Multi-page Table package (DPC)
\LTleft=\skip47
\LTright=\skip48
\LTpre=\skip49
\LTpost=\skip50
\LTchunksize=\count96
\LTcapwidth=\dimen104
\LT@head=\box41
\LT@firsthead=\box42
\LT@foot=\box43
\LT@lastfoot=\box44
\LT@cols=\count97
\LT@rows=\count98
\c@LT@tables=\count99
\c@LT@chunks=\count100
\LT@p@ftn=\toks18
) (/usr/local/texlive/2012/texmf-dist/tex/generic/epsf/epsf.sty
This is `epsf.tex' v2.7.4 <14 February 2011>
\epsffilein=\read1
\epsfframemargin=\dimen105
\epsfframethickness=\dimen106
\epsfrsize=\dimen107
\epsftmp=\dimen108
\epsftsize=\dimen109
\epsfxsize=\dimen110
\epsfysize=\dimen111
\pspoints=\dimen112
)
\c@front@matter@foot@note=\count101
\alt@affil@toks=\toks19
\alt@affil@toks@count=\toks20
\keys@width=\skip51
\c@lastfootnote=\count102
\c@remember@figure@num=\count103
\c@remember@table@num=\count104
\bibindent=\dimen113
\plot@width=\skip52
\c@table@save=\count105
\table@note@skip=\skip53
\deluxe@table@width=\skip54
\@d@t@a=\skip55
\c@deluxe@table@num=\count106
\abovedeluxetableskip=\skip56
\belowdeluxetableskip=\skip57
\lastrowheight=\dimen114
\DT@p@ftn=\toks21
\pt@column=\count107
\pt@ncol=\count108
) (/usr/local/texlive/2012/texmf-dist/tex/latex/amsmath/amsmath.sty
Package: amsmath 2000/07/18 v2.13 AMS math features
\@mathmargin=\skip58

For additional information on amsmath, use the `?' option.
(/usr/local/texlive/2012/texmf-dist/tex/latex/amsmath/amstext.sty
Package: amstext 2000/06/29 v2.01
 (/usr/local/texlive/2012/texmf-dist/tex/latex/amsmath/amsgen.sty
File: amsgen.sty 1999/11/30 v2.0
\@emptytoks=\toks22
\ex@=\dimen115
)
LaTeX Info: Redefining \text on input line 53.
) (/usr/local/texlive/2012/texmf-dist/tex/latex/amsmath/amsbsy.sty
Package: amsbsy 1999/11/29 v1.2d
\pmbraise@=\dimen116
) (/usr/local/texlive/2012/texmf-dist/tex/latex/amsmath/amsopn.sty
Package: amsopn 1999/12/14 v2.01 operator names
)
\inf@bad=\count109
LaTeX Info: Redefining \frac on input line 211.
\uproot@=\count110
\leftroot@=\count111
LaTeX Info: Redefining \overline on input line 307.
\classnum@=\count112
\DOTSCASE@=\count113
LaTeX Info: Redefining \ldots on input line 379.
LaTeX Info: Redefining \dots on input line 382.
LaTeX Info: Redefining \cdots on input line 467.
\Mathstrutbox@=\box45
\strutbox@=\box46
\big@size=\dimen117
LaTeX Font Info:    Redeclaring font encoding OML on input line 567.
LaTeX Font Info:    Redeclaring font encoding OMS on input line 568.
\macc@depth=\count114
\c@MaxMatrixCols=\count115
\dotsspace@=\muskip11
\c@parentequation=\count116
\dspbrk@lvl=\count117
\tag@help=\toks23
\row@=\count118
\column@=\count119
\maxfields@=\count120
\andhelp@=\toks24
\eqnshift@=\dimen118
\alignsep@=\dimen119
\tagshift@=\dimen120
\tagwidth@=\dimen121
\totwidth@=\dimen122
\lineht@=\dimen123
\@envbody=\toks25
\multlinegap=\skip59
\multlinetaggap=\skip60
\mathdisplay@stack=\toks26
LaTeX Info: Redefining \[ on input line 2666.
LaTeX Info: Redefining \] on input line 2667.
)
Class revtex4-1 Info: Patching LaTeX tabular. on input line 59.
Class revtex4-1 Info: Patching longtable package on input line 59.
Class revtex4-1 Info: Robustifying \LaTeX's \boldmath command on input line 59.
Class revtex4-1 Info: cite was not loaded (OK!) on input line 59.
Class revtex4-1 Info: mcite was not loaded (OK!) on input line 59.
Class revtex4-1 Info: multicol was not loaded (OK!) on input line 59.
 (/Users/abrahamn/Documents/Physics/papers/DishPapers/DishMeasurements/memo/.texpadtmp/DishBeamMeasurementsPaper.aux)
\openout1 = `DishBeamMeasurementsPaper.aux'.

LaTeX Font Info:    Checking defaults for OML/cmm/m/it on input line 59.
LaTeX Font Info:    ... okay on input line 59.
LaTeX Font Info:    Checking defaults for T1/cmr/m/n on input line 59.
LaTeX Font Info:    ... okay on input line 59.
LaTeX Font Info:    Checking defaults for OT1/cmr/m/n on input line 59.
LaTeX Font Info:    ... okay on input line 59.
LaTeX Font Info:    Checking defaults for OMS/cmsy/m/n on input line 59.
LaTeX Font Info:    ... okay on input line 59.
LaTeX Font Info:    Checking defaults for OMX/cmex/m/n on input line 59.
LaTeX Font Info:    ... okay on input line 59.
LaTeX Font Info:    Checking defaults for U/cmr/m/n on input line 59.
LaTeX Font Info:    ... okay on input line 59.
 (/usr/local/texlive/2012/texmf-dist/tex/context/base/supp-pdf.mkii
[Loading MPS to PDF converter (version 2006.09.02).]
\scratchcounter=\count121
\scratchdimen=\dimen124
\scratchbox=\box47
\nofMPsegments=\count122
\nofMParguments=\count123
\everyMPshowfont=\toks27
\MPscratchCnt=\count124
\MPscratchDim=\dimen125
\MPnumerator=\count125
\makeMPintoPDFobject=\count126
\everyMPtoPDFconversion=\toks28
) (/usr/local/texlive/2012/texmf-dist/tex/generic/oberdiek/pdftexcmds.sty
Package: pdftexcmds 2011/11/29 v0.20 Utility functions of pdfTeX for LuaTeX (HO)
 (/usr/local/texlive/2012/texmf-dist/tex/generic/oberdiek/ifluatex.sty
Package: ifluatex 2010/03/01 v1.3 Provides the ifluatex switch (HO)
Package ifluatex Info: LuaTeX not detected.
) (/usr/local/texlive/2012/texmf-dist/tex/generic/oberdiek/ifpdf.sty
Package: ifpdf 2011/01/30 v2.3 Provides the ifpdf switch (HO)
Package ifpdf Info: pdfTeX in PDF mode is detected.
)
Package pdftexcmds Info: LuaTeX not detected.
Package pdftexcmds Info: \pdf@primitive is available.
Package pdftexcmds Info: \pdf@ifprimitive is available.
Package pdftexcmds Info: \pdfdraftmode found.
) (/usr/local/texlive/2012/texmf-dist/tex/latex/oberdiek/epstopdf-base.sty
Package: epstopdf-base 2010/02/09 v2.5 Base part for package epstopdf
 (/usr/local/texlive/2012/texmf-dist/tex/latex/oberdiek/grfext.sty
Package: grfext 2010/08/19 v1.1 Manage graphics extensions (HO)
 (/usr/local/texlive/2012/texmf-dist/tex/generic/oberdiek/kvdefinekeys.sty
Package: kvdefinekeys 2011/04/07 v1.3 Define keys (HO)
)) (/usr/local/texlive/2012/texmf-dist/tex/latex/oberdiek/kvoptions.sty
Package: kvoptions 2011/06/30 v3.11 Key value format for package options (HO)
 (/usr/local/texlive/2012/texmf-dist/tex/generic/oberdiek/kvsetkeys.sty
Package: kvsetkeys 2012/04/25 v1.16 Key value parser (HO)
 (/usr/local/texlive/2012/texmf-dist/tex/generic/oberdiek/etexcmds.sty
Package: etexcmds 2011/02/16 v1.5 Avoid name clashes with e-TeX commands (HO)
Package etexcmds Info: Could not find \expanded.
(etexcmds)             That can mean that you are not using pdfTeX 1.50 or
(etexcmds)             that some package has redefined \expanded.
(etexcmds)             In the latter case, load this package earlier.
)))
Package grfext Info: Graphics extension search list:
(grfext)             [.png,.pdf,.jpg,.mps,.jpeg,.jbig2,.jb2,.PNG,.PDF,.JPG,.JPEG,.JBIG2,.JB2,.eps]
(grfext)             \AppendGraphicsExtensions on input line 452.
 (/usr/local/texlive/2012/texmf-dist/tex/latex/latexconfig/epstopdf-sys.cfg
File: epstopdf-sys.cfg 2010/07/13 v1.3 Configuration of (r)epstopdf for TeX Live
))
\openout3 = `DishBeamMeasurementsPaperNotes.bib'.

LaTeX Font Info:    Try loading font information for U+lasy on input line 99.
 (/usr/local/texlive/2012/texmf-dist/tex/latex/base/ulasy.fd
File: ulasy.fd 1998/08/17 v2.2e LaTeX symbol font definitions
)
LaTeX Font Info:    Try loading font information for U+msa on input line 99.
 (/usr/local/texlive/2012/texmf-dist/tex/latex/amsfonts/umsa.fd
File: umsa.fd 2009/06/22 v3.00 AMS symbols A
)
LaTeX Font Info:    Try loading font information for U+msb on input line 99.
 (/usr/local/texlive/2012/texmf-dist/tex/latex/amsfonts/umsb.fd
File: umsb.fd 2009/06/22 v3.00 AMS symbols B
) [1{/usr/local/texlive/2012/texmf-var/fonts/map/pdftex/updmap/pdftex.map}]
Overfull \hbox (146.24547pt too wide) in paragraph at lines 142--143
 []\OT1/cmr/m/n/10 CST sim-u-la-tion (\OT1/cmtt/m/n/10 hera-cst/HERA[]DISH[]paper[]feed[]cyl36[]140mhz[]Y[]healpix.fits\OT1/cmr/m/n/10 ) 
 []

<aerial.png, id=18, 1137.24875pt x 660.4675pt>
File: aerial.png Graphic file (type png)
 <use aerial.png>
Package pdftex.def Info: aerial.png used on input line 154.
(pdftex.def)             Requested size: 469.75499pt x 272.81908pt.

Underfull \hbox (badness 10000) in paragraph at lines 155--155
$[]$
 []


Underfull \hbox (badness 10000) in paragraph at lines 155--155

 []


Class revtex4-1 Warning: Float cannot be placed.

LaTeX Font Info:    Try loading font information for OMS+cmr on input line 166.
(/usr/local/texlive/2012/texmf-dist/tex/latex/base/omscmr.fd
File: omscmr.fd 1999/05/25 v2.5h Standard LaTeX font definitions
)
LaTeX Font Info:    Font shape `OMS/cmr/m/n' in size <10> not available
(Font)              Font shape `OMS/cmsy/m/n' tried instead on input line 166.
 <null1_rel.png, id=20, 722.7pt x 939.51pt>
File: null1_rel.png Graphic file (type png)
 <use null1_rel.png>
Package pdftex.def Info: null1_rel.png used on input line 176.
(pdftex.def)             Requested size: 469.75499pt x 610.6886pt.

Underfull \hbox (badness 10000) in paragraph at lines 177--177
$[]$
 []


Underfull \hbox (badness 10000) in paragraph at lines 177--177

 []


Class revtex4-1 Warning: Float cannot be placed.

<null3_rel.png, id=21, 722.7pt x 939.51pt>
File: null3_rel.png Graphic file (type png)
 <use null3_rel.png>
Package pdftex.def Info: null3_rel.png used on input line 182.
(pdftex.def)             Requested size: 469.75499pt x 610.6886pt.

Underfull \hbox (badness 10000) in paragraph at lines 183--183
$[]$
 []


Underfull \hbox (badness 10000) in paragraph at lines 183--183

 []


Class revtex4-1 Warning: Float cannot be placed.

<null4_rel.png, id=22, 722.7pt x 939.51pt>
File: null4_rel.png Graphic file (type png)
 <use null4_rel.png>
Package pdftex.def Info: null4_rel.png used on input line 188.
(pdftex.def)             Requested size: 469.75499pt x 610.6886pt.

Underfull \hbox (badness 10000) in paragraph at lines 189--189
$[]$
 []


Underfull \hbox (badness 10000) in paragraph at lines 189--189

 []


Class revtex4-1 Warning: Float cannot be placed.

[2]

LaTeX Warning: A float is stuck (cannot be placed) on input line 196.

[3 <./aerial.png>]

LaTeX Warning: A float is stuck (cannot be placed) on input line 196.


Class revtex4-1 Warning: Deferred float stuck during \clearpage processing.


Underfull \hbox (badness 2359) in paragraph at lines 197--198
\OT1/cmr/m/n/10 and slices through the E and H planes (bot-tom
 []

<feed.jpg, id=31, 1606.0pt x 1204.5pt>
File: feed.jpg Graphic file (type jpg)
 <use feed.jpg>
Package pdftex.def Info: feed.jpg used on input line 200.
(pdftex.def)             Requested size: 361.34999pt x 271.00081pt.

Underfull \hbox (badness 10000) in paragraph at lines 201--201
$[]$
 []


Underfull \hbox (badness 10000) in paragraph at lines 201--201

 []


Class revtex4-1 Warning: Float cannot be placed.

<feed0_abs_old_ref_model.png, id=32, 722.7pt x 939.51pt>
File: feed0_abs_old_ref_model.png Graphic file (type png)
 <use feed0_abs_old_ref_model.png>
Package pdftex.def Info: feed0_abs_old_ref_model.png used on input line 206.
(pdftex.def)             Requested size: 469.75499pt x 610.6886pt.

Underfull \hbox (badness 10000) in paragraph at lines 207--207
$[]$
 []


Underfull \hbox (badness 10000) in paragraph at lines 207--207

 []


Class revtex4-1 Warning: Float cannot be placed.

<dish3_abs_old_ref_model.png, id=33, 722.7pt x 939.51pt>
File: dish3_abs_old_ref_model.png Graphic file (type png)
 <use dish3_abs_old_ref_model.png>
Package pdftex.def Info: dish3_abs_old_ref_model.png used on input line 222.
(pdftex.def)             Requested size: 469.75499pt x 610.6886pt.

Underfull \hbox (badness 10000) in paragraph at lines 223--223
$[]$
 []


Underfull \hbox (badness 10000) in paragraph at lines 223--223

 []


Class revtex4-1 Warning: Float cannot be placed.

<dish1_abs_old_ref_model.png, id=34, 722.7pt x 939.51pt>
File: dish1_abs_old_ref_model.png Graphic file (type png)
 <use dish1_abs_old_ref_model.png>
Package pdftex.def Info: dish1_abs_old_ref_model.png used on input line 228.
(pdftex.def)             Requested size: 469.75499pt x 610.6886pt.

Underfull \hbox (badness 10000) in paragraph at lines 229--229
$[]$
 []


Underfull \hbox (badness 10000) in paragraph at lines 229--229

 []


Class revtex4-1 Warning: Float cannot be placed.

<dish2_abs_old_ref_model.png, id=35, 722.7pt x 939.51pt>
File: dish2_abs_old_ref_model.png Graphic file (type png)
 <use dish2_abs_old_ref_model.png>
Package pdftex.def Info: dish2_abs_old_ref_model.png used on input line 234.
(pdftex.def)             Requested size: 469.75499pt x 610.6886pt.

Underfull \hbox (badness 10000) in paragraph at lines 235--235
$[]$
 []


Underfull \hbox (badness 10000) in paragraph at lines 235--235

 []


Class revtex4-1 Warning: Float cannot be placed.

<dish4_abs_old_ref_model.png, id=36, 722.7pt x 939.51pt>
File: dish4_abs_old_ref_model.png Graphic file (type png)
 <use dish4_abs_old_ref_model.png>
Package pdftex.def Info: dish4_abs_old_ref_model.png used on input line 240.
(pdftex.def)             Requested size: 469.75499pt x 610.6886pt.

Underfull \hbox (badness 10000) in paragraph at lines 241--241
$[]$
 []


Underfull \hbox (badness 10000) in paragraph at lines 241--241

 []


Class revtex4-1 Warning: Float cannot be placed.

<measbeam_raw.png, id=37, 593.21625pt x 589.20125pt>
File: measbeam_raw.png Graphic file (type png)
 <use measbeam_raw.png>
Package pdftex.def Info: measbeam_raw.png used on input line 248.
(pdftex.def)             Requested size: 252.94499pt x 251.22984pt.
 <measbeam_interp.png, id=38, 593.21625pt x 589.20125pt>
File: measbeam_interp.png Graphic file (type png)
 <use measbeam_interp.png>
Package pdftex.def Info: measbeam_interp.png used on input line 249.
(pdftex.def)             Requested size: 252.94499pt x 251.22984pt.
 <measbeam_interp_expcutoff.png, id=39, 593.21625pt x 589.20125pt>
File: measbeam_interp_expcutoff.png Graphic file (type png)
 <use measbeam_interp_expcutoff.png>
Package pdftex.def Info: measbeam_interp_expcutoff.png used on input line 250.
(pdftex.def)             Requested size: 252.94499pt x 251.22984pt.

Overfull \hbox (7.67847pt too wide) in paragraph at lines 248--251
[][]
 []


Overfull \hbox (7.67847pt too wide) in paragraph at lines 248--251
[]
 []


Overfull \hbox (7.67847pt too wide) in paragraph at lines 248--251
[] 
 []


Underfull \hbox (badness 10000) in paragraph at lines 251--251
$[]$
 []


Underfull \hbox (badness 10000) in paragraph at lines 251--251

 []


LaTeX Warning: Float too large for page by 135.7608pt on input line 253.


LaTeX Warning: `h' float specifier changed to `ht'.

<ew_beams_slice.pdf, id=40, 406.21764pt x 392.89026pt>
File: ew_beams_slice.pdf Graphic file (type pdf)
 <use ew_beams_slice.pdf>
Package pdftex.def Info: ew_beams_slice.pdf used on input line 256.
(pdftex.def)             Requested size: 252.94499pt x 244.65054pt.

Overfull \hbox (7.67847pt too wide) in paragraph at lines 256--257
[][] 
 []


Underfull \hbox (badness 10000) in paragraph at lines 257--257
$[]$
 []


Underfull \hbox (badness 10000) in paragraph at lines 257--257

 []


LaTeX Warning: `h' float specifier changed to `ht'.


Underfull \hbox (badness 10000) in paragraph at lines 272--272
$[]$
 []


Underfull \hbox (badness 10000) in paragraph at lines 272--272

 []

[4]

LaTeX Warning: A float is stuck (cannot be placed) on input line 296.

[5 <./null1_rel.png (PNG copy)>]

LaTeX Warning: A float is stuck (cannot be placed) on input line 296.


Class revtex4-1 Warning: Deferred float stuck during \clearpage processing.

<LST0deg_14m_42m_EWbaselines_dish1_blackman.png, id=50, 985.6825pt x 602.25pt>
File: LST0deg_14m_42m_EWbaselines_dish1_blackman.png Graphic file (type png)
 <use LST0deg_14m_42m_EWbaselines_dish1_blackman.png>
Package pdftex.def Info: LST0deg_14m_42m_EWbaselines_dish1_blackman.png used on input line 312.
(pdftex.def)             Requested size: 484.20877pt x 295.84943pt.
 <LST60deg_14m_42m_EWbaselines_dish1_blackman.png, id=51, 985.6825pt x 602.25pt>
File: LST60deg_14m_42m_EWbaselines_dish1_blackman.png Graphic file (type png)
 <use LST60deg_14m_42m_EWbaselines_dish1_blackman.png>
Package pdftex.def Info: LST60deg_14m_42m_EWbaselines_dish1_blackman.png used on input line 313.
(pdftex.def)             Requested size: 484.20877pt x 295.84943pt.

Underfull \hbox (badness 10000) in paragraph at lines 312--314
[][]
 []


Underfull \hbox (badness 10000) in paragraph at lines 314--314
$[]$
 []


Underfull \hbox (badness 10000) in paragraph at lines 314--314

 []


Class revtex4-1 Warning: Float cannot be placed.

<LST0deg_14m_42m_NEslantbaselines_dish1_blackman.png, id=52, 986.68625pt x 602.25pt>
File: LST0deg_14m_42m_NEslantbaselines_dish1_blackman.png Graphic file (type png)
 <use LST0deg_14m_42m_NEslantbaselines_dish1_blackman.png>
Package pdftex.def Info: LST0deg_14m_42m_NEslantbaselines_dish1_blackman.png used on input line 319.
(pdftex.def)             Requested size: 484.20877pt x 295.55536pt.
 <LST0deg_14m_42m_SEslantbaselines_dish1_blackman.png, id=53, 985.6825pt x 602.25pt>
File: LST0deg_14m_42m_SEslantbaselines_dish1_blackman.png Graphic file (type png)
 <use LST0deg_14m_42m_SEslantbaselines_dish1_blackman.png>
Package pdftex.def Info: LST0deg_14m_42m_SEslantbaselines_dish1_blackman.png used on input line 320.
(pdftex.def)             Requested size: 484.20877pt x 295.84943pt.

Underfull \hbox (badness 10000) in paragraph at lines 319--321
[][]
 []


Underfull \hbox (badness 10000) in paragraph at lines 321--321
$[]$
 []


Underfull \hbox (badness 10000) in paragraph at lines 321--321

 []


Class revtex4-1 Warning: Float cannot be placed.

(/Users/abrahamn/Documents/Physics/papers/DishPapers/DishMeasurements/memo/.texpadtmp/DishBeamMeasurementsPaper.bbl) [6] [7 <./null3_rel.png (PNG copy)>] [8 <./null4_rel.png (PNG copy)>] [9 <./feed.jpg>] [10 <./feed0_abs_old_ref_model.png (PNG copy)>] [11 <./dish3_abs_old_ref_model.png (PNG copy)>] [12 <./dish1_abs_old_ref_model.png (PNG copy)>] [13 <./dish2_abs_old_ref_model.png (PNG copy)>] [14 <./dish4_abs_old_ref_model.png (PNG copy)>] [15 <./measbeam_raw.png> <./measbeam_interp.png> <./measbeam_interp_expcutoff.png>] [16 <./ew_beams_slice.pdf>] [17 <./LST0deg_14m_42m_EWbaselines_dish1_blackman.png> <./LST60deg_14m_42m_EWbaselines_dish1_blackman.png>] [18 <./LST0deg_14m_42m_NEslantbaselines_dish1_blackman.png> <./LST0deg_14m_42m_SEslantbaselines_dish1_blackman.png>] (/Users/abrahamn/Documents/Physics/papers/DishPapers/DishMeasurements/memo/.texpadtmp/DishBeamMeasurementsPaper.aux) ) 
Here is how much of TeX's memory you used:
 5030 strings out of 493488
 68521 string characters out of 3141326
 169954 words of memory out of 3000000
 8234 multiletter control sequences out of 15000+200000
 12902 words of font info for 54 fonts, out of 3000000 for 9000
 957 hyphenation exceptions out of 8191
 39i,7n,26p,1213b,316s stack positions out of 5000i,500n,10000p,200000b,50000s
</usr/local/texlive/2012/texmf-dist/fonts/type1/public/amsfonts/cm/cmcsc10.pfb></usr/local/texlive/2012/texmf-dist/fonts/type1/public/amsfonts/cm/cmex10.pfb></usr/local/texlive/2012/texmf-dist/fonts/type1/public/amsfonts/cm/cmmi10.pfb></usr/local/texlive/2012/texmf-dist/fonts/type1/public/amsfonts/cm/cmmi8.pfb></usr/local/texlive/2012/texmf-dist/fonts/type1/public/amsfonts/cm/cmr10.pfb></usr/local/texlive/2012/texmf-dist/fonts/type1/public/amsfonts/cm/cmr5.pfb></usr/local/texlive/2012/texmf-dist/fonts/type1/public/amsfonts/cm/cmr6.pfb></usr/local/texlive/2012/texmf-dist/fonts/type1/public/amsfonts/cm/cmr7.pfb></usr/local/texlive/2012/texmf-dist/fonts/type1/public/amsfonts/cm/cmr8.pfb></usr/local/texlive/2012/texmf-dist/fonts/type1/public/amsfonts/cm/cmr9.pfb></usr/local/texlive/2012/texmf-dist/fonts/type1/public/amsfonts/cm/cmsy10.pfb></usr/local/texlive/2012/texmf-dist/fonts/type1/public/amsfonts/cm/cmsy6.pfb></usr/local/texlive/2012/texmf-dist/fonts/type1/public/amsfonts/cm/cmsy7.pfb></usr/local/texlive/2012/texmf-dist/fonts/type1/public/amsfonts/cm/cmsy8.pfb></usr/local/texlive/2012/texmf-dist/fonts/type1/public/amsfonts/cm/cmti
10.pfb></usr/local/texlive/2012/texmf-dist/fonts/type1/public/amsfonts/cm/cmti8.pfb></usr/local/texlive/2012/texmf-dist/fonts/type1/public/amsfonts/cm/cmtt10.pfb></usr/local/texlive/2012/texmf-dist/fonts/type1/public/amsfonts/cm/cmtt8.pfb></usr/local/texlive/2012/texmf-dist/fonts/type1/public/amsfonts/symbols/msam10.pfb>
Output written on /Users/abrahamn/Documents/Physics/papers/DishPapers/DishMeasurements/memo/.texpadtmp/DishBeamMeasurementsPaper.pdf (18 pages, 7921011 bytes).
PDF statistics:
 208 PDF objects out of 1000 (max. 8388607)
 105 compressed objects within 2 object streams
 0 named destinations out of 1000 (max. 500000)
 91 words of extra memory for PDF output out of 10000 (max. 10000000)

